{"name":"hexo","hostname":"Jerry","pid":14688,"level":20,"msg":"Hexo version: 3.1.1","time":"2015-12-04T02:34:36.550Z","v":0}
{"name":"hexo","hostname":"Jerry","pid":14688,"level":20,"msg":"Working directory: D:\\ZhangJie\\Desktop\\hexo\\","time":"2015-12-04T02:34:36.561Z","v":0}
{"name":"hexo","hostname":"Jerry","pid":14688,"level":20,"msg":"Config loaded: D:\\ZhangJie\\Desktop\\hexo\\_config.yml","time":"2015-12-04T02:34:36.818Z","v":0}
{"name":"hexo","hostname":"Jerry","pid":14688,"level":20,"msg":"Script loaded: themes\\next\\scripts\\filters\\sticky.js","time":"2015-12-04T02:34:36.850Z","v":0}
{"name":"hexo","hostname":"Jerry","pid":14688,"level":20,"msg":"Script loaded: themes\\next\\scripts\\merge-configs.js","time":"2015-12-04T02:34:36.850Z","v":0}
{"name":"hexo","hostname":"Jerry","pid":14688,"level":20,"msg":"Script loaded: themes\\next\\scripts\\tags\\group-pictures.js","time":"2015-12-04T02:34:36.853Z","v":0}
{"name":"hexo","hostname":"Jerry","pid":14688,"level":20,"msg":"Script loaded: themes\\next\\scripts\\tags\\center-quote.js","time":"2015-12-04T02:34:36.853Z","v":0}
{"name":"hexo","hostname":"Jerry","pid":14688,"level":20,"msg":"Script loaded: themes\\next\\scripts\\tags\\full-image.js","time":"2015-12-04T02:34:36.855Z","v":0}
{"name":"hexo","hostname":"Jerry","pid":14688,"level":20,"msg":"Plugin loaded: hexo-deployer-git","time":"2015-12-04T02:34:36.877Z","v":0}
{"name":"hexo","hostname":"Jerry","pid":14688,"level":20,"msg":"Plugin loaded: hexo-generator-archive","time":"2015-12-04T02:34:36.883Z","v":0}
{"name":"hexo","hostname":"Jerry","pid":14688,"level":20,"msg":"Plugin loaded: hexo-generator-index","time":"2015-12-04T02:34:36.886Z","v":0}
{"name":"hexo","hostname":"Jerry","pid":14688,"level":20,"msg":"Plugin loaded: hexo-generator-category","time":"2015-12-04T02:34:36.892Z","v":0}
{"name":"hexo","hostname":"Jerry","pid":14688,"level":20,"msg":"Plugin loaded: hexo-generator-tag","time":"2015-12-04T02:34:36.899Z","v":0}
{"name":"hexo","hostname":"Jerry","pid":14688,"level":20,"msg":"Plugin loaded: hexo-renderer-marked","time":"2015-12-04T02:34:36.910Z","v":0}
{"name":"hexo","hostname":"Jerry","pid":14688,"level":20,"msg":"Plugin loaded: hexo-renderer-ejs","time":"2015-12-04T02:34:36.947Z","v":0}
{"name":"hexo","hostname":"Jerry","pid":14688,"level":20,"msg":"Plugin loaded: hexo-renderer-stylus","time":"2015-12-04T02:34:37.258Z","v":0}
{"name":"hexo","hostname":"Jerry","pid":14688,"level":20,"msg":"Plugin loaded: hexo-server","time":"2015-12-04T02:34:37.396Z","v":0}
{"name":"hexo","hostname":"Jerry","pid":14688,"level":20,"msg":"Loading database.","time":"2015-12-04T02:34:37.412Z","v":0}
{"name":"hexo","hostname":"Jerry","pid":14688,"level":20,"msg":"Unchanged: source/_posts/JeyZhang.md","time":"2015-12-04T02:34:37.515Z","v":0}
{"name":"hexo","hostname":"Jerry","pid":14688,"level":20,"msg":"Unchanged: source/_posts/hello-world.md","time":"2015-12-04T02:34:37.516Z","v":0}
{"name":"hexo","hostname":"Jerry","pid":14688,"level":20,"msg":"Unchanged: source/_posts/text.md","time":"2015-12-04T02:34:37.516Z","v":0}
{"name":"hexo","hostname":"Jerry","pid":14688,"level":20,"msg":"Processed: _posts/JeyZhang.md","time":"2015-12-04T02:34:37.533Z","v":0}
{"name":"hexo","hostname":"Jerry","pid":14688,"level":20,"msg":"Processed: _posts/text.md","time":"2015-12-04T02:34:37.534Z","v":0}
{"name":"hexo","hostname":"Jerry","pid":14688,"level":20,"msg":"Processed: _posts/hello-world.md","time":"2015-12-04T02:34:37.535Z","v":0}
{"name":"hexo","hostname":"Jerry","pid":14688,"level":20,"msg":"Added: themes/next/source/css/_common/_page/home.styl","time":"2015-12-04T02:34:37.712Z","v":0}
{"name":"hexo","hostname":"Jerry","pid":14688,"level":20,"msg":"Added: themes/next/source/css/_mixins/Mist.styl","time":"2015-12-04T02:34:37.713Z","v":0}
{"name":"hexo","hostname":"Jerry","pid":14688,"level":20,"msg":"Added: themes/next/source/css/_mixins/custom.styl","time":"2015-12-04T02:34:37.713Z","v":0}
{"name":"hexo","hostname":"Jerry","pid":14688,"level":20,"msg":"Added: themes/next/source/css/_mixins/default.styl","time":"2015-12-04T02:34:37.713Z","v":0}
{"name":"hexo","hostname":"Jerry","pid":14688,"level":20,"msg":"Added: themes/next/source/css/_variables/custom.styl","time":"2015-12-04T02:34:37.714Z","v":0}
{"name":"hexo","hostname":"Jerry","pid":14688,"level":20,"msg":"Added: themes/next/README.en.md","time":"2015-12-04T02:34:37.742Z","v":0}
{"name":"hexo","hostname":"Jerry","pid":14688,"level":20,"msg":"Added: themes/next/README.md","time":"2015-12-04T02:34:37.743Z","v":0}
{"name":"hexo","hostname":"Jerry","pid":14688,"level":20,"msg":"Added: themes/next/_config.yml","time":"2015-12-04T02:34:37.743Z","v":0}
{"name":"hexo","hostname":"Jerry","pid":14688,"level":20,"msg":"Added: themes/next/bower.json","time":"2015-12-04T02:34:37.744Z","v":0}
{"name":"hexo","hostname":"Jerry","pid":14688,"level":20,"msg":"Added: themes/next/languages/de.yml","time":"2015-12-04T02:34:37.745Z","v":0}
{"name":"hexo","hostname":"Jerry","pid":14688,"level":20,"msg":"Added: themes/next/languages/default.yml","time":"2015-12-04T02:34:37.747Z","v":0}
{"name":"hexo","hostname":"Jerry","pid":14688,"level":20,"msg":"Added: themes/next/languages/en.yml","time":"2015-12-04T02:34:37.748Z","v":0}
{"name":"hexo","hostname":"Jerry","pid":14688,"level":20,"msg":"Added: themes/next/languages/fr-FR.yml","time":"2015-12-04T02:34:37.749Z","v":0}
{"name":"hexo","hostname":"Jerry","pid":14688,"level":20,"msg":"Added: themes/next/languages/pt.yml","time":"2015-12-04T02:34:37.749Z","v":0}
{"name":"hexo","hostname":"Jerry","pid":14688,"level":20,"msg":"Added: themes/next/languages/ru.yml","time":"2015-12-04T02:34:37.750Z","v":0}
{"name":"hexo","hostname":"Jerry","pid":14688,"level":20,"msg":"Added: themes/next/languages/zh-Hans.yml","time":"2015-12-04T02:34:37.750Z","v":0}
{"name":"hexo","hostname":"Jerry","pid":14688,"level":20,"msg":"Added: themes/next/languages/zh-hk.yml","time":"2015-12-04T02:34:37.750Z","v":0}
{"name":"hexo","hostname":"Jerry","pid":14688,"level":20,"msg":"Added: themes/next/languages/zh-tw.yml","time":"2015-12-04T02:34:37.750Z","v":0}
{"name":"hexo","hostname":"Jerry","pid":14688,"level":20,"msg":"Added: themes/next/layout/_layout.swig","time":"2015-12-04T02:34:37.751Z","v":0}
{"name":"hexo","hostname":"Jerry","pid":14688,"level":20,"msg":"Added: themes/next/layout/_macro/post-collapse.swig","time":"2015-12-04T02:34:37.751Z","v":0}
{"name":"hexo","hostname":"Jerry","pid":14688,"level":20,"msg":"Added: themes/next/layout/_macro/post.swig","time":"2015-12-04T02:34:37.751Z","v":0}
{"name":"hexo","hostname":"Jerry","pid":14688,"level":20,"msg":"Added: themes/next/layout/_macro/sidebar.swig","time":"2015-12-04T02:34:37.752Z","v":0}
{"name":"hexo","hostname":"Jerry","pid":14688,"level":20,"msg":"Added: themes/next/layout/_partials/comments.swig","time":"2015-12-04T02:34:37.752Z","v":0}
{"name":"hexo","hostname":"Jerry","pid":14688,"level":20,"msg":"Added: themes/next/layout/_partials/duoshuo-hot-articles.swig","time":"2015-12-04T02:34:37.752Z","v":0}
{"name":"hexo","hostname":"Jerry","pid":14688,"level":20,"msg":"Added: themes/next/layout/_partials/footer.swig","time":"2015-12-04T02:34:37.752Z","v":0}
{"name":"hexo","hostname":"Jerry","pid":14688,"level":20,"msg":"Added: themes/next/layout/_partials/head.swig","time":"2015-12-04T02:34:37.753Z","v":0}
{"name":"hexo","hostname":"Jerry","pid":14688,"level":20,"msg":"Added: themes/next/layout/_partials/header.swig","time":"2015-12-04T02:34:37.754Z","v":0}
{"name":"hexo","hostname":"Jerry","pid":14688,"level":20,"msg":"Added: themes/next/layout/_partials/old-browsers.swig","time":"2015-12-04T02:34:37.754Z","v":0}
{"name":"hexo","hostname":"Jerry","pid":14688,"level":20,"msg":"Added: themes/next/layout/_partials/pagination.swig","time":"2015-12-04T02:34:37.755Z","v":0}
{"name":"hexo","hostname":"Jerry","pid":14688,"level":20,"msg":"Added: themes/next/layout/_partials/search/swiftype.swig","time":"2015-12-04T02:34:37.757Z","v":0}
{"name":"hexo","hostname":"Jerry","pid":14688,"level":20,"msg":"Added: themes/next/layout/_partials/search/tinysou.swig","time":"2015-12-04T02:34:37.757Z","v":0}
{"name":"hexo","hostname":"Jerry","pid":14688,"level":20,"msg":"Added: themes/next/layout/_partials/search.swig","time":"2015-12-04T02:34:37.758Z","v":0}
{"name":"hexo","hostname":"Jerry","pid":14688,"level":20,"msg":"Added: themes/next/layout/_partials/share/duoshuo_share.swig","time":"2015-12-04T02:34:37.758Z","v":0}
{"name":"hexo","hostname":"Jerry","pid":14688,"level":20,"msg":"Added: themes/next/layout/_partials/share/jiathis.swig","time":"2015-12-04T02:34:37.758Z","v":0}
{"name":"hexo","hostname":"Jerry","pid":14688,"level":20,"msg":"Added: themes/next/layout/_scripts/analytics/baidu-analytics.swig","time":"2015-12-04T02:34:37.758Z","v":0}
{"name":"hexo","hostname":"Jerry","pid":14688,"level":20,"msg":"Added: themes/next/layout/_scripts/analytics/facebook-sdk.swig","time":"2015-12-04T02:34:37.759Z","v":0}
{"name":"hexo","hostname":"Jerry","pid":14688,"level":20,"msg":"Added: themes/next/layout/_scripts/analytics/google-analytics.swig","time":"2015-12-04T02:34:37.759Z","v":0}
{"name":"hexo","hostname":"Jerry","pid":14688,"level":20,"msg":"Added: themes/next/layout/_scripts/analytics.swig","time":"2015-12-04T02:34:37.759Z","v":0}
{"name":"hexo","hostname":"Jerry","pid":14688,"level":20,"msg":"Added: themes/next/layout/_scripts/baidushare.swig","time":"2015-12-04T02:34:37.760Z","v":0}
{"name":"hexo","hostname":"Jerry","pid":14688,"level":20,"msg":"Added: themes/next/layout/_scripts/bootstrap.scrollspy.swig","time":"2015-12-04T02:34:37.760Z","v":0}
{"name":"hexo","hostname":"Jerry","pid":14688,"level":20,"msg":"Added: themes/next/layout/_scripts/comments/disqus.swig","time":"2015-12-04T02:34:37.760Z","v":0}
{"name":"hexo","hostname":"Jerry","pid":14688,"level":20,"msg":"Added: themes/next/layout/_scripts/comments/duoshuo.swig","time":"2015-12-04T02:34:37.760Z","v":0}
{"name":"hexo","hostname":"Jerry","pid":14688,"level":20,"msg":"Added: themes/next/layout/_scripts/fancy-box.swig","time":"2015-12-04T02:34:37.761Z","v":0}
{"name":"hexo","hostname":"Jerry","pid":14688,"level":20,"msg":"Added: themes/next/layout/_scripts/helpers.swig","time":"2015-12-04T02:34:37.761Z","v":0}
{"name":"hexo","hostname":"Jerry","pid":14688,"level":20,"msg":"Added: themes/next/layout/_scripts/mathjax.swig","time":"2015-12-04T02:34:37.761Z","v":0}
{"name":"hexo","hostname":"Jerry","pid":14688,"level":20,"msg":"Added: themes/next/layout/_scripts/motion.swig","time":"2015-12-04T02:34:37.762Z","v":0}
{"name":"hexo","hostname":"Jerry","pid":14688,"level":20,"msg":"Added: themes/next/layout/_scripts/pages/post-details.swig","time":"2015-12-04T02:34:37.762Z","v":0}
{"name":"hexo","hostname":"Jerry","pid":14688,"level":20,"msg":"Added: themes/next/layout/_scripts/tinysou.swig","time":"2015-12-04T02:34:37.762Z","v":0}
{"name":"hexo","hostname":"Jerry","pid":14688,"level":20,"msg":"Added: themes/next/layout/archive.swig","time":"2015-12-04T02:34:37.762Z","v":0}
{"name":"hexo","hostname":"Jerry","pid":14688,"level":20,"msg":"Added: themes/next/layout/category.swig","time":"2015-12-04T02:34:37.762Z","v":0}
{"name":"hexo","hostname":"Jerry","pid":14688,"level":20,"msg":"Added: themes/next/layout/index.swig","time":"2015-12-04T02:34:37.763Z","v":0}
{"name":"hexo","hostname":"Jerry","pid":14688,"level":20,"msg":"Added: themes/next/layout/page.swig","time":"2015-12-04T02:34:37.763Z","v":0}
{"name":"hexo","hostname":"Jerry","pid":14688,"level":20,"msg":"Added: themes/next/layout/post.swig","time":"2015-12-04T02:34:37.763Z","v":0}
{"name":"hexo","hostname":"Jerry","pid":14688,"level":20,"msg":"Added: themes/next/layout/tag.swig","time":"2015-12-04T02:34:37.763Z","v":0}
{"name":"hexo","hostname":"Jerry","pid":14688,"level":20,"msg":"Added: themes/next/scripts/filters/sticky.js","time":"2015-12-04T02:34:37.763Z","v":0}
{"name":"hexo","hostname":"Jerry","pid":14688,"level":20,"msg":"Added: themes/next/scripts/merge-configs.js","time":"2015-12-04T02:34:37.763Z","v":0}
{"name":"hexo","hostname":"Jerry","pid":14688,"level":20,"msg":"Added: themes/next/scripts/tags/center-quote.js","time":"2015-12-04T02:34:37.763Z","v":0}
{"name":"hexo","hostname":"Jerry","pid":14688,"level":20,"msg":"Added: themes/next/scripts/tags/full-image.js","time":"2015-12-04T02:34:37.764Z","v":0}
{"name":"hexo","hostname":"Jerry","pid":14688,"level":20,"msg":"Added: themes/next/scripts/tags/group-pictures.js","time":"2015-12-04T02:34:37.764Z","v":0}
{"name":"hexo","hostname":"Jerry","pid":14688,"level":20,"msg":"Added: themes/next/source/css/_common/_component/back-to-top.styl","time":"2015-12-04T02:34:37.764Z","v":0}
{"name":"hexo","hostname":"Jerry","pid":14688,"level":20,"msg":"Added: themes/next/source/css/_common/_component/blockquote-center.styl","time":"2015-12-04T02:34:37.764Z","v":0}
{"name":"hexo","hostname":"Jerry","pid":14688,"level":20,"msg":"Added: themes/next/source/css/_common/_component/buttons.styl","time":"2015-12-04T02:34:37.764Z","v":0}
{"name":"hexo","hostname":"Jerry","pid":14688,"level":20,"msg":"Added: themes/next/source/css/_common/_component/comments.styl","time":"2015-12-04T02:34:37.764Z","v":0}
{"name":"hexo","hostname":"Jerry","pid":14688,"level":20,"msg":"Added: themes/next/source/css/_common/_component/duoshuo.styl","time":"2015-12-04T02:34:37.764Z","v":0}
{"name":"hexo","hostname":"Jerry","pid":14688,"level":20,"msg":"Added: themes/next/source/css/_common/_component/gallery.styl","time":"2015-12-04T02:34:37.765Z","v":0}
{"name":"hexo","hostname":"Jerry","pid":14688,"level":20,"msg":"Added: themes/next/source/css/_common/_component/group-pictures.styl","time":"2015-12-04T02:34:37.765Z","v":0}
{"name":"hexo","hostname":"Jerry","pid":14688,"level":20,"msg":"Added: themes/next/source/css/_common/_component/jiathis.styl","time":"2015-12-04T02:34:37.765Z","v":0}
{"name":"hexo","hostname":"Jerry","pid":14688,"level":20,"msg":"Added: themes/next/source/css/_common/_component/pagination.styl","time":"2015-12-04T02:34:37.765Z","v":0}
{"name":"hexo","hostname":"Jerry","pid":14688,"level":20,"msg":"Added: themes/next/source/css/_common/_component/posts-collapse.styl","time":"2015-12-04T02:34:37.765Z","v":0}
{"name":"hexo","hostname":"Jerry","pid":14688,"level":20,"msg":"Added: themes/next/source/css/_common/_component/posts-expand.styl","time":"2015-12-04T02:34:37.765Z","v":0}
{"name":"hexo","hostname":"Jerry","pid":14688,"level":20,"msg":"Added: themes/next/source/css/_common/_component/posts-type.styl","time":"2015-12-04T02:34:37.766Z","v":0}
{"name":"hexo","hostname":"Jerry","pid":14688,"level":20,"msg":"Added: themes/next/source/css/_common/_component/posts.styl","time":"2015-12-04T02:34:37.766Z","v":0}
{"name":"hexo","hostname":"Jerry","pid":14688,"level":20,"msg":"Added: themes/next/source/css/_common/_component/tag-cloud.styl","time":"2015-12-04T02:34:37.766Z","v":0}
{"name":"hexo","hostname":"Jerry","pid":14688,"level":20,"msg":"Added: themes/next/source/css/_common/_core/base.styl","time":"2015-12-04T02:34:37.766Z","v":0}
{"name":"hexo","hostname":"Jerry","pid":14688,"level":20,"msg":"Added: themes/next/source/css/_common/_core/helpers.styl","time":"2015-12-04T02:34:37.766Z","v":0}
{"name":"hexo","hostname":"Jerry","pid":14688,"level":20,"msg":"Added: themes/next/source/css/_common/_core/normalize.styl","time":"2015-12-04T02:34:37.766Z","v":0}
{"name":"hexo","hostname":"Jerry","pid":14688,"level":20,"msg":"Added: themes/next/source/css/_common/_core/scaffolding.styl","time":"2015-12-04T02:34:37.766Z","v":0}
{"name":"hexo","hostname":"Jerry","pid":14688,"level":20,"msg":"Added: themes/next/source/css/_common/_core/tables.styl","time":"2015-12-04T02:34:37.767Z","v":0}
{"name":"hexo","hostname":"Jerry","pid":14688,"level":20,"msg":"Added: themes/next/source/css/_common/_fonts/icon-default.styl","time":"2015-12-04T02:34:37.767Z","v":0}
{"name":"hexo","hostname":"Jerry","pid":14688,"level":20,"msg":"Added: themes/next/source/css/_common/_fonts/icon-feather.styl","time":"2015-12-04T02:34:37.767Z","v":0}
{"name":"hexo","hostname":"Jerry","pid":14688,"level":20,"msg":"Added: themes/next/source/css/_common/_fonts/icon-fifty-shades.styl","time":"2015-12-04T02:34:37.767Z","v":0}
{"name":"hexo","hostname":"Jerry","pid":14688,"level":20,"msg":"Added: themes/next/source/css/_common/_fonts/icon-font.styl","time":"2015-12-04T02:34:37.767Z","v":0}
{"name":"hexo","hostname":"Jerry","pid":14688,"level":20,"msg":"Added: themes/next/source/css/_common/_fonts/icon-linecons.styl","time":"2015-12-04T02:34:37.767Z","v":0}
{"name":"hexo","hostname":"Jerry","pid":14688,"level":20,"msg":"Added: themes/next/source/css/_common/_page/archive.styl","time":"2015-12-04T02:34:37.768Z","v":0}
{"name":"hexo","hostname":"Jerry","pid":14688,"level":20,"msg":"Added: themes/next/source/css/_common/_page/categories.styl","time":"2015-12-04T02:34:37.768Z","v":0}
{"name":"hexo","hostname":"Jerry","pid":14688,"level":20,"msg":"Added: themes/next/source/css/_common/_page/post-detail.styl","time":"2015-12-04T02:34:37.768Z","v":0}
{"name":"hexo","hostname":"Jerry","pid":14688,"level":20,"msg":"Added: themes/next/source/css/_common/_section/body.styl","time":"2015-12-04T02:34:37.768Z","v":0}
{"name":"hexo","hostname":"Jerry","pid":14688,"level":20,"msg":"Added: themes/next/source/css/_common/_section/footer.styl","time":"2015-12-04T02:34:37.768Z","v":0}
{"name":"hexo","hostname":"Jerry","pid":14688,"level":20,"msg":"Added: themes/next/source/css/_common/_section/header.styl","time":"2015-12-04T02:34:37.768Z","v":0}
{"name":"hexo","hostname":"Jerry","pid":14688,"level":20,"msg":"Added: themes/next/source/css/_common/_section/layout.styl","time":"2015-12-04T02:34:37.768Z","v":0}
{"name":"hexo","hostname":"Jerry","pid":14688,"level":20,"msg":"Added: themes/next/source/css/_common/_section/media.styl","time":"2015-12-04T02:34:37.769Z","v":0}
{"name":"hexo","hostname":"Jerry","pid":14688,"level":20,"msg":"Added: themes/next/source/css/_common/_section/sidebar.styl","time":"2015-12-04T02:34:37.769Z","v":0}
{"name":"hexo","hostname":"Jerry","pid":14688,"level":20,"msg":"Added: themes/next/source/css/_common/_vendor/highlight/highlight.styl","time":"2015-12-04T02:34:37.770Z","v":0}
{"name":"hexo","hostname":"Jerry","pid":14688,"level":20,"msg":"Added: themes/next/source/css/_common/_vendor/highlight/theme.styl","time":"2015-12-04T02:34:37.770Z","v":0}
{"name":"hexo","hostname":"Jerry","pid":14688,"level":20,"msg":"Added: themes/next/source/css/_custom/custom.styl","time":"2015-12-04T02:34:37.770Z","v":0}
{"name":"hexo","hostname":"Jerry","pid":14688,"level":20,"msg":"Added: themes/next/source/css/_mixins/base.styl","time":"2015-12-04T02:34:37.773Z","v":0}
{"name":"hexo","hostname":"Jerry","pid":14688,"level":20,"msg":"Added: themes/next/source/css/_schemes/Mist/_base.styl","time":"2015-12-04T02:34:37.776Z","v":0}
{"name":"hexo","hostname":"Jerry","pid":14688,"level":20,"msg":"Added: themes/next/source/css/_schemes/Mist/_header.styl","time":"2015-12-04T02:34:37.777Z","v":0}
{"name":"hexo","hostname":"Jerry","pid":14688,"level":20,"msg":"Added: themes/next/source/css/_schemes/Mist/_logo.styl","time":"2015-12-04T02:34:37.777Z","v":0}
{"name":"hexo","hostname":"Jerry","pid":14688,"level":20,"msg":"Added: themes/next/source/css/_schemes/Mist/_menu.styl","time":"2015-12-04T02:34:37.777Z","v":0}
{"name":"hexo","hostname":"Jerry","pid":14688,"level":20,"msg":"Added: themes/next/source/css/_schemes/Mist/_posts-expanded.styl","time":"2015-12-04T02:34:37.777Z","v":0}
{"name":"hexo","hostname":"Jerry","pid":14688,"level":20,"msg":"Added: themes/next/source/css/_schemes/Mist/index.styl","time":"2015-12-04T02:34:37.777Z","v":0}
{"name":"hexo","hostname":"Jerry","pid":14688,"level":20,"msg":"Added: themes/next/source/css/_schemes/default/_logo.styl","time":"2015-12-04T02:34:37.778Z","v":0}
{"name":"hexo","hostname":"Jerry","pid":14688,"level":20,"msg":"Added: themes/next/source/css/_schemes/default/_menu.styl","time":"2015-12-04T02:34:37.778Z","v":0}
{"name":"hexo","hostname":"Jerry","pid":14688,"level":20,"msg":"Added: themes/next/source/css/_schemes/default/_search.styl","time":"2015-12-04T02:34:37.778Z","v":0}
{"name":"hexo","hostname":"Jerry","pid":14688,"level":20,"msg":"Added: themes/next/source/css/_schemes/default/index.styl","time":"2015-12-04T02:34:37.779Z","v":0}
{"name":"hexo","hostname":"Jerry","pid":14688,"level":20,"msg":"Added: themes/next/source/css/_variables/Mist.styl","time":"2015-12-04T02:34:37.779Z","v":0}
{"name":"hexo","hostname":"Jerry","pid":14688,"level":20,"msg":"Added: themes/next/source/css/_variables/base.styl","time":"2015-12-04T02:34:37.779Z","v":0}
{"name":"hexo","hostname":"Jerry","pid":14688,"level":20,"msg":"Added: themes/next/source/css/_variables/default.styl","time":"2015-12-04T02:34:37.781Z","v":0}
{"name":"hexo","hostname":"Jerry","pid":14688,"level":20,"msg":"Added: themes/next/source/css/main.styl","time":"2015-12-04T02:34:37.781Z","v":0}
{"name":"hexo","hostname":"Jerry","pid":14688,"level":20,"msg":"Added: themes/next/source/images/cc-by-nc-nd.svg","time":"2015-12-04T02:34:37.782Z","v":0}
{"name":"hexo","hostname":"Jerry","pid":14688,"level":20,"msg":"Added: themes/next/source/images/cc-by-nc-sa.svg","time":"2015-12-04T02:34:37.782Z","v":0}
{"name":"hexo","hostname":"Jerry","pid":14688,"level":20,"msg":"Added: themes/next/source/images/cc-by-nc.svg","time":"2015-12-04T02:34:37.782Z","v":0}
{"name":"hexo","hostname":"Jerry","pid":14688,"level":20,"msg":"Added: themes/next/source/images/cc-by-nd.svg","time":"2015-12-04T02:34:37.782Z","v":0}
{"name":"hexo","hostname":"Jerry","pid":14688,"level":20,"msg":"Added: themes/next/source/images/cc-by-sa.svg","time":"2015-12-04T02:34:37.783Z","v":0}
{"name":"hexo","hostname":"Jerry","pid":14688,"level":20,"msg":"Added: themes/next/source/images/cc-by.svg","time":"2015-12-04T02:34:37.783Z","v":0}
{"name":"hexo","hostname":"Jerry","pid":14688,"level":20,"msg":"Added: themes/next/source/images/cc-zero.svg","time":"2015-12-04T02:34:37.783Z","v":0}
{"name":"hexo","hostname":"Jerry","pid":14688,"level":20,"msg":"Added: themes/next/source/images/loading.gif","time":"2015-12-04T02:34:37.783Z","v":0}
{"name":"hexo","hostname":"Jerry","pid":14688,"level":20,"msg":"Added: themes/next/source/images/placeholder.gif","time":"2015-12-04T02:34:37.783Z","v":0}
{"name":"hexo","hostname":"Jerry","pid":14688,"level":20,"msg":"Added: themes/next/source/images/quote-l.svg","time":"2015-12-04T02:34:37.799Z","v":0}
{"name":"hexo","hostname":"Jerry","pid":14688,"level":20,"msg":"Added: themes/next/source/images/quote-r.svg","time":"2015-12-04T02:34:37.800Z","v":0}
{"name":"hexo","hostname":"Jerry","pid":14688,"level":20,"msg":"Added: themes/next/source/images/searchicon.png","time":"2015-12-04T02:34:37.800Z","v":0}
{"name":"hexo","hostname":"Jerry","pid":14688,"level":20,"msg":"Added: themes/next/source/js/bootstrap.js","time":"2015-12-04T02:34:37.800Z","v":0}
{"name":"hexo","hostname":"Jerry","pid":14688,"level":20,"msg":"Added: themes/next/source/js/bootstrap.scrollspy.js","time":"2015-12-04T02:34:37.801Z","v":0}
{"name":"hexo","hostname":"Jerry","pid":14688,"level":20,"msg":"Added: themes/next/source/js/fancy-box.js","time":"2015-12-04T02:34:37.801Z","v":0}
{"name":"hexo","hostname":"Jerry","pid":14688,"level":20,"msg":"Added: themes/next/source/js/helpers.js","time":"2015-12-04T02:34:37.801Z","v":0}
{"name":"hexo","hostname":"Jerry","pid":14688,"level":20,"msg":"Added: themes/next/source/js/hook-duoshuo.js","time":"2015-12-04T02:34:37.806Z","v":0}
{"name":"hexo","hostname":"Jerry","pid":14688,"level":20,"msg":"Added: themes/next/source/js/motion.js","time":"2015-12-04T02:34:37.807Z","v":0}
{"name":"hexo","hostname":"Jerry","pid":14688,"level":20,"msg":"Added: themes/next/source/js/ua-parser.min.js","time":"2015-12-04T02:34:37.810Z","v":0}
{"name":"hexo","hostname":"Jerry","pid":14688,"level":20,"msg":"Added: themes/next/source/vendors/fancybox/source/blank.gif","time":"2015-12-04T02:34:37.810Z","v":0}
{"name":"hexo","hostname":"Jerry","pid":14688,"level":20,"msg":"Added: themes/next/source/vendors/fancybox/source/fancybox_loading.gif","time":"2015-12-04T02:34:37.810Z","v":0}
{"name":"hexo","hostname":"Jerry","pid":14688,"level":20,"msg":"Added: themes/next/source/vendors/fancybox/source/fancybox_loading@2x.gif","time":"2015-12-04T02:34:37.811Z","v":0}
{"name":"hexo","hostname":"Jerry","pid":14688,"level":20,"msg":"Added: themes/next/source/vendors/fancybox/source/fancybox_overlay.png","time":"2015-12-04T02:34:37.813Z","v":0}
{"name":"hexo","hostname":"Jerry","pid":14688,"level":20,"msg":"Added: themes/next/source/vendors/fancybox/source/fancybox_sprite.png","time":"2015-12-04T02:34:37.813Z","v":0}
{"name":"hexo","hostname":"Jerry","pid":14688,"level":20,"msg":"Added: themes/next/source/vendors/fancybox/source/fancybox_sprite@2x.png","time":"2015-12-04T02:34:37.813Z","v":0}
{"name":"hexo","hostname":"Jerry","pid":14688,"level":20,"msg":"Added: themes/next/source/vendors/fancybox/source/helpers/fancybox_buttons.png","time":"2015-12-04T02:34:37.813Z","v":0}
{"name":"hexo","hostname":"Jerry","pid":14688,"level":20,"msg":"Added: themes/next/source/vendors/fancybox/source/helpers/jquery.fancybox-buttons.css","time":"2015-12-04T02:34:37.813Z","v":0}
{"name":"hexo","hostname":"Jerry","pid":14688,"level":20,"msg":"Added: themes/next/source/vendors/fancybox/source/helpers/jquery.fancybox-buttons.js","time":"2015-12-04T02:34:37.814Z","v":0}
{"name":"hexo","hostname":"Jerry","pid":14688,"level":20,"msg":"Added: themes/next/source/vendors/fancybox/source/helpers/jquery.fancybox-media.js","time":"2015-12-04T02:34:37.814Z","v":0}
{"name":"hexo","hostname":"Jerry","pid":14688,"level":20,"msg":"Added: themes/next/source/vendors/fancybox/source/helpers/jquery.fancybox-thumbs.css","time":"2015-12-04T02:34:37.814Z","v":0}
{"name":"hexo","hostname":"Jerry","pid":14688,"level":20,"msg":"Added: themes/next/source/vendors/fancybox/source/helpers/jquery.fancybox-thumbs.js","time":"2015-12-04T02:34:37.814Z","v":0}
{"name":"hexo","hostname":"Jerry","pid":14688,"level":20,"msg":"Added: themes/next/source/vendors/fancybox/source/jquery.fancybox.css","time":"2015-12-04T02:34:37.814Z","v":0}
{"name":"hexo","hostname":"Jerry","pid":14688,"level":20,"msg":"Added: themes/next/source/vendors/fancybox/source/jquery.fancybox.js","time":"2015-12-04T02:34:37.814Z","v":0}
{"name":"hexo","hostname":"Jerry","pid":14688,"level":20,"msg":"Added: themes/next/source/vendors/fancybox/source/jquery.fancybox.pack.js","time":"2015-12-04T02:34:37.815Z","v":0}
{"name":"hexo","hostname":"Jerry","pid":14688,"level":20,"msg":"Added: themes/next/source/vendors/fastclick/LICENSE","time":"2015-12-04T02:34:37.815Z","v":0}
{"name":"hexo","hostname":"Jerry","pid":14688,"level":20,"msg":"Added: themes/next/source/vendors/fastclick/README.md","time":"2015-12-04T02:34:37.815Z","v":0}
{"name":"hexo","hostname":"Jerry","pid":14688,"level":20,"msg":"Added: themes/next/source/vendors/fastclick/bower.json","time":"2015-12-04T02:34:37.815Z","v":0}
{"name":"hexo","hostname":"Jerry","pid":14688,"level":20,"msg":"Added: themes/next/source/vendors/fastclick/lib/fastclick.js","time":"2015-12-04T02:34:37.815Z","v":0}
{"name":"hexo","hostname":"Jerry","pid":14688,"level":20,"msg":"Added: themes/next/source/vendors/fastclick/lib/fastclick.min.js","time":"2015-12-04T02:34:37.816Z","v":0}
{"name":"hexo","hostname":"Jerry","pid":14688,"level":20,"msg":"Added: themes/next/source/vendors/font-awesome/HELP-US-OUT.txt","time":"2015-12-04T02:34:37.817Z","v":0}
{"name":"hexo","hostname":"Jerry","pid":14688,"level":20,"msg":"Added: themes/next/source/vendors/font-awesome/bower.json","time":"2015-12-04T02:34:37.820Z","v":0}
{"name":"hexo","hostname":"Jerry","pid":14688,"level":20,"msg":"Added: themes/next/source/vendors/font-awesome/css/font-awesome.css","time":"2015-12-04T02:34:37.821Z","v":0}
{"name":"hexo","hostname":"Jerry","pid":14688,"level":20,"msg":"Added: themes/next/source/vendors/font-awesome/css/font-awesome.css.map","time":"2015-12-04T02:34:37.821Z","v":0}
{"name":"hexo","hostname":"Jerry","pid":14688,"level":20,"msg":"Added: themes/next/source/vendors/font-awesome/css/font-awesome.min.css","time":"2015-12-04T02:34:37.821Z","v":0}
{"name":"hexo","hostname":"Jerry","pid":14688,"level":20,"msg":"Added: themes/next/source/vendors/font-awesome/fonts/fontawesome-webfont.woff2","time":"2015-12-04T02:34:37.822Z","v":0}
{"name":"hexo","hostname":"Jerry","pid":14688,"level":20,"msg":"Added: themes/next/source/vendors/jquery_lazyload/CONTRIBUTING.md","time":"2015-12-04T02:34:37.822Z","v":0}
{"name":"hexo","hostname":"Jerry","pid":14688,"level":20,"msg":"Added: themes/next/source/vendors/jquery_lazyload/README.md","time":"2015-12-04T02:34:37.823Z","v":0}
{"name":"hexo","hostname":"Jerry","pid":14688,"level":20,"msg":"Added: themes/next/source/vendors/jquery_lazyload/bower.json","time":"2015-12-04T02:34:37.823Z","v":0}
{"name":"hexo","hostname":"Jerry","pid":14688,"level":20,"msg":"Added: themes/next/source/vendors/jquery_lazyload/jquery.lazyload.js","time":"2015-12-04T02:34:37.824Z","v":0}
{"name":"hexo","hostname":"Jerry","pid":14688,"level":20,"msg":"Added: themes/next/source/vendors/jquery_lazyload/jquery.scrollstop.js","time":"2015-12-04T02:34:37.824Z","v":0}
{"name":"hexo","hostname":"Jerry","pid":14688,"level":20,"msg":"Added: themes/next/source/vendors/velocity/bower.json","time":"2015-12-04T02:34:37.824Z","v":0}
{"name":"hexo","hostname":"Jerry","pid":14688,"level":20,"msg":"Added: themes/next/source/vendors/velocity/velocity.min.js","time":"2015-12-04T02:34:37.824Z","v":0}
{"name":"hexo","hostname":"Jerry","pid":14688,"level":20,"msg":"Added: themes/next/source/vendors/velocity/velocity.ui.js","time":"2015-12-04T02:34:37.826Z","v":0}
{"name":"hexo","hostname":"Jerry","pid":14688,"level":20,"msg":"Added: themes/next/source/vendors/velocity/velocity.ui.min.js","time":"2015-12-04T02:34:37.826Z","v":0}
{"name":"hexo","hostname":"Jerry","pid":14688,"level":20,"msg":"Added: themes/next/test/helpers.js","time":"2015-12-04T02:34:37.826Z","v":0}
{"name":"hexo","hostname":"Jerry","pid":14688,"level":20,"msg":"Added: themes/next/test/intern.js","time":"2015-12-04T02:34:37.827Z","v":0}
{"name":"hexo","hostname":"Jerry","pid":14688,"level":20,"msg":"Added: themes/next/source/vendors/font-awesome/fonts/FontAwesome.otf","time":"2015-12-04T02:34:37.865Z","v":0}
{"name":"hexo","hostname":"Jerry","pid":14688,"level":20,"msg":"Added: themes/next/source/vendors/font-awesome/fonts/fontawesome-webfont.eot","time":"2015-12-04T02:34:37.866Z","v":0}
{"name":"hexo","hostname":"Jerry","pid":14688,"level":20,"msg":"Added: themes/next/source/vendors/font-awesome/fonts/fontawesome-webfont.woff","time":"2015-12-04T02:34:37.866Z","v":0}
{"name":"hexo","hostname":"Jerry","pid":14688,"level":20,"msg":"Added: themes/next/source/vendors/jquery/index.js","time":"2015-12-04T02:34:37.866Z","v":0}
{"name":"hexo","hostname":"Jerry","pid":14688,"level":20,"msg":"Added: themes/next/source/vendors/font-awesome/fonts/fontawesome-webfont.ttf","time":"2015-12-04T02:34:37.868Z","v":0}
{"name":"hexo","hostname":"Jerry","pid":14688,"level":20,"msg":"Added: themes/next/source/vendors/velocity/velocity.js","time":"2015-12-04T02:34:37.870Z","v":0}
{"name":"hexo","hostname":"Jerry","pid":14688,"level":20,"msg":"Added: themes/next/source/vendors/font-awesome/fonts/fontawesome-webfont.svg","time":"2015-12-04T02:34:37.871Z","v":0}
{"name":"hexo","hostname":"Jerry","pid":14688,"level":20,"msg":"Processed: source/vendors/velocity/velocity.ui.min.js","time":"2015-12-04T02:34:37.875Z","v":0}
{"name":"hexo","hostname":"Jerry","pid":14688,"level":20,"msg":"Processed: source/vendors/velocity/velocity.ui.js","time":"2015-12-04T02:34:37.876Z","v":0}
{"name":"hexo","hostname":"Jerry","pid":14688,"level":20,"msg":"Processed: source/vendors/velocity/velocity.min.js","time":"2015-12-04T02:34:37.876Z","v":0}
{"name":"hexo","hostname":"Jerry","pid":14688,"level":20,"msg":"Processed: source/vendors/velocity/velocity.js","time":"2015-12-04T02:34:37.876Z","v":0}
{"name":"hexo","hostname":"Jerry","pid":14688,"level":20,"msg":"Processed: source/vendors/velocity/bower.json","time":"2015-12-04T02:34:37.877Z","v":0}
{"name":"hexo","hostname":"Jerry","pid":14688,"level":20,"msg":"Processed: source/vendors/jquery_lazyload/jquery.scrollstop.js","time":"2015-12-04T02:34:37.877Z","v":0}
{"name":"hexo","hostname":"Jerry","pid":14688,"level":20,"msg":"Processed: source/vendors/jquery_lazyload/jquery.lazyload.js","time":"2015-12-04T02:34:37.878Z","v":0}
{"name":"hexo","hostname":"Jerry","pid":14688,"level":20,"msg":"Processed: source/vendors/jquery_lazyload/bower.json","time":"2015-12-04T02:34:37.878Z","v":0}
{"name":"hexo","hostname":"Jerry","pid":14688,"level":20,"msg":"Processed: source/vendors/jquery_lazyload/README.md","time":"2015-12-04T02:34:37.879Z","v":0}
{"name":"hexo","hostname":"Jerry","pid":14688,"level":20,"msg":"Processed: source/vendors/jquery_lazyload/CONTRIBUTING.md","time":"2015-12-04T02:34:37.881Z","v":0}
{"name":"hexo","hostname":"Jerry","pid":14688,"level":20,"msg":"Processed: source/vendors/jquery/index.js","time":"2015-12-04T02:34:37.882Z","v":0}
{"name":"hexo","hostname":"Jerry","pid":14688,"level":20,"msg":"Processed: source/vendors/font-awesome/fonts/fontawesome-webfont.woff2","time":"2015-12-04T02:34:37.882Z","v":0}
{"name":"hexo","hostname":"Jerry","pid":14688,"level":20,"msg":"Processed: source/vendors/font-awesome/fonts/fontawesome-webfont.woff","time":"2015-12-04T02:34:37.883Z","v":0}
{"name":"hexo","hostname":"Jerry","pid":14688,"level":20,"msg":"Processed: source/vendors/font-awesome/fonts/fontawesome-webfont.ttf","time":"2015-12-04T02:34:37.883Z","v":0}
{"name":"hexo","hostname":"Jerry","pid":14688,"level":20,"msg":"Processed: source/vendors/font-awesome/fonts/fontawesome-webfont.svg","time":"2015-12-04T02:34:37.884Z","v":0}
{"name":"hexo","hostname":"Jerry","pid":14688,"level":20,"msg":"Processed: source/vendors/font-awesome/fonts/fontawesome-webfont.eot","time":"2015-12-04T02:34:37.884Z","v":0}
{"name":"hexo","hostname":"Jerry","pid":14688,"level":20,"msg":"Processed: source/vendors/font-awesome/fonts/FontAwesome.otf","time":"2015-12-04T02:34:37.885Z","v":0}
{"name":"hexo","hostname":"Jerry","pid":14688,"level":20,"msg":"Processed: source/vendors/font-awesome/css/font-awesome.min.css","time":"2015-12-04T02:34:37.885Z","v":0}
{"name":"hexo","hostname":"Jerry","pid":14688,"level":20,"msg":"Processed: source/vendors/font-awesome/css/font-awesome.css.map","time":"2015-12-04T02:34:37.886Z","v":0}
{"name":"hexo","hostname":"Jerry","pid":14688,"level":20,"msg":"Processed: source/vendors/font-awesome/css/font-awesome.css","time":"2015-12-04T02:34:37.886Z","v":0}
{"name":"hexo","hostname":"Jerry","pid":14688,"level":20,"msg":"Processed: source/vendors/font-awesome/bower.json","time":"2015-12-04T02:34:37.887Z","v":0}
{"name":"hexo","hostname":"Jerry","pid":14688,"level":20,"msg":"Processed: source/vendors/font-awesome/HELP-US-OUT.txt","time":"2015-12-04T02:34:37.888Z","v":0}
{"name":"hexo","hostname":"Jerry","pid":14688,"level":20,"msg":"Processed: source/vendors/fastclick/lib/fastclick.min.js","time":"2015-12-04T02:34:37.888Z","v":0}
{"name":"hexo","hostname":"Jerry","pid":14688,"level":20,"msg":"Processed: source/vendors/fastclick/lib/fastclick.js","time":"2015-12-04T02:34:37.888Z","v":0}
{"name":"hexo","hostname":"Jerry","pid":14688,"level":20,"msg":"Processed: source/vendors/fastclick/bower.json","time":"2015-12-04T02:34:37.889Z","v":0}
{"name":"hexo","hostname":"Jerry","pid":14688,"level":20,"msg":"Processed: source/vendors/fastclick/README.md","time":"2015-12-04T02:34:37.889Z","v":0}
{"name":"hexo","hostname":"Jerry","pid":14688,"level":20,"msg":"Processed: source/vendors/fastclick/LICENSE","time":"2015-12-04T02:34:37.890Z","v":0}
{"name":"hexo","hostname":"Jerry","pid":14688,"level":20,"msg":"Processed: source/vendors/fancybox/source/jquery.fancybox.pack.js","time":"2015-12-04T02:34:37.891Z","v":0}
{"name":"hexo","hostname":"Jerry","pid":14688,"level":20,"msg":"Processed: source/vendors/fancybox/source/jquery.fancybox.js","time":"2015-12-04T02:34:37.892Z","v":0}
{"name":"hexo","hostname":"Jerry","pid":14688,"level":20,"msg":"Processed: source/vendors/fancybox/source/jquery.fancybox.css","time":"2015-12-04T02:34:37.893Z","v":0}
{"name":"hexo","hostname":"Jerry","pid":14688,"level":20,"msg":"Processed: source/vendors/fancybox/source/helpers/jquery.fancybox-thumbs.js","time":"2015-12-04T02:34:37.893Z","v":0}
{"name":"hexo","hostname":"Jerry","pid":14688,"level":20,"msg":"Processed: source/vendors/fancybox/source/helpers/jquery.fancybox-thumbs.css","time":"2015-12-04T02:34:37.894Z","v":0}
{"name":"hexo","hostname":"Jerry","pid":14688,"level":20,"msg":"Processed: source/vendors/fancybox/source/helpers/jquery.fancybox-media.js","time":"2015-12-04T02:34:37.894Z","v":0}
{"name":"hexo","hostname":"Jerry","pid":14688,"level":20,"msg":"Processed: source/vendors/fancybox/source/helpers/jquery.fancybox-buttons.js","time":"2015-12-04T02:34:37.895Z","v":0}
{"name":"hexo","hostname":"Jerry","pid":14688,"level":20,"msg":"Processed: source/vendors/fancybox/source/helpers/jquery.fancybox-buttons.css","time":"2015-12-04T02:34:37.896Z","v":0}
{"name":"hexo","hostname":"Jerry","pid":14688,"level":20,"msg":"Processed: source/vendors/fancybox/source/helpers/fancybox_buttons.png","time":"2015-12-04T02:34:37.897Z","v":0}
{"name":"hexo","hostname":"Jerry","pid":14688,"level":20,"msg":"Processed: source/vendors/fancybox/source/fancybox_sprite@2x.png","time":"2015-12-04T02:34:37.899Z","v":0}
{"name":"hexo","hostname":"Jerry","pid":14688,"level":20,"msg":"Processed: source/vendors/fancybox/source/fancybox_sprite.png","time":"2015-12-04T02:34:37.900Z","v":0}
{"name":"hexo","hostname":"Jerry","pid":14688,"level":20,"msg":"Processed: source/vendors/fancybox/source/fancybox_overlay.png","time":"2015-12-04T02:34:37.901Z","v":0}
{"name":"hexo","hostname":"Jerry","pid":14688,"level":20,"msg":"Processed: source/vendors/fancybox/source/fancybox_loading@2x.gif","time":"2015-12-04T02:34:37.901Z","v":0}
{"name":"hexo","hostname":"Jerry","pid":14688,"level":20,"msg":"Processed: source/vendors/fancybox/source/fancybox_loading.gif","time":"2015-12-04T02:34:37.902Z","v":0}
{"name":"hexo","hostname":"Jerry","pid":14688,"level":20,"msg":"Processed: source/vendors/fancybox/source/blank.gif","time":"2015-12-04T02:34:37.904Z","v":0}
{"name":"hexo","hostname":"Jerry","pid":14688,"level":20,"msg":"Processed: source/js/ua-parser.min.js","time":"2015-12-04T02:34:37.905Z","v":0}
{"name":"hexo","hostname":"Jerry","pid":14688,"level":20,"msg":"Processed: source/js/motion.js","time":"2015-12-04T02:34:37.905Z","v":0}
{"name":"hexo","hostname":"Jerry","pid":14688,"level":20,"msg":"Processed: source/js/hook-duoshuo.js","time":"2015-12-04T02:34:37.906Z","v":0}
{"name":"hexo","hostname":"Jerry","pid":14688,"level":20,"msg":"Processed: source/js/helpers.js","time":"2015-12-04T02:34:37.906Z","v":0}
{"name":"hexo","hostname":"Jerry","pid":14688,"level":20,"msg":"Processed: source/js/fancy-box.js","time":"2015-12-04T02:34:37.907Z","v":0}
{"name":"hexo","hostname":"Jerry","pid":14688,"level":20,"msg":"Processed: source/js/bootstrap.scrollspy.js","time":"2015-12-04T02:34:37.907Z","v":0}
{"name":"hexo","hostname":"Jerry","pid":14688,"level":20,"msg":"Processed: source/js/bootstrap.js","time":"2015-12-04T02:34:37.908Z","v":0}
{"name":"hexo","hostname":"Jerry","pid":14688,"level":20,"msg":"Processed: source/images/searchicon.png","time":"2015-12-04T02:34:37.908Z","v":0}
{"name":"hexo","hostname":"Jerry","pid":14688,"level":20,"msg":"Processed: source/images/quote-r.svg","time":"2015-12-04T02:34:37.909Z","v":0}
{"name":"hexo","hostname":"Jerry","pid":14688,"level":20,"msg":"Processed: source/images/quote-l.svg","time":"2015-12-04T02:34:37.909Z","v":0}
{"name":"hexo","hostname":"Jerry","pid":14688,"level":20,"msg":"Processed: source/images/placeholder.gif","time":"2015-12-04T02:34:37.911Z","v":0}
{"name":"hexo","hostname":"Jerry","pid":14688,"level":20,"msg":"Processed: source/images/loading.gif","time":"2015-12-04T02:34:37.913Z","v":0}
{"name":"hexo","hostname":"Jerry","pid":14688,"level":20,"msg":"Processed: source/images/cc-zero.svg","time":"2015-12-04T02:34:37.914Z","v":0}
{"name":"hexo","hostname":"Jerry","pid":14688,"level":20,"msg":"Processed: source/images/cc-by.svg","time":"2015-12-04T02:34:37.914Z","v":0}
{"name":"hexo","hostname":"Jerry","pid":14688,"level":20,"msg":"Processed: source/images/cc-by-sa.svg","time":"2015-12-04T02:34:37.915Z","v":0}
{"name":"hexo","hostname":"Jerry","pid":14688,"level":20,"msg":"Processed: source/images/cc-by-nd.svg","time":"2015-12-04T02:34:37.916Z","v":0}
{"name":"hexo","hostname":"Jerry","pid":14688,"level":20,"msg":"Processed: source/images/cc-by-nc.svg","time":"2015-12-04T02:34:37.916Z","v":0}
{"name":"hexo","hostname":"Jerry","pid":14688,"level":20,"msg":"Processed: source/images/cc-by-nc-sa.svg","time":"2015-12-04T02:34:37.917Z","v":0}
{"name":"hexo","hostname":"Jerry","pid":14688,"level":20,"msg":"Processed: source/images/cc-by-nc-nd.svg","time":"2015-12-04T02:34:37.918Z","v":0}
{"name":"hexo","hostname":"Jerry","pid":14688,"level":20,"msg":"Processed: source/css/main.styl","time":"2015-12-04T02:34:37.918Z","v":0}
{"name":"hexo","hostname":"Jerry","pid":14688,"level":20,"msg":"Processed: layout/tag.swig","time":"2015-12-04T02:34:37.937Z","v":0}
{"name":"hexo","hostname":"Jerry","pid":14688,"level":20,"msg":"Processed: layout/post.swig","time":"2015-12-04T02:34:37.938Z","v":0}
{"name":"hexo","hostname":"Jerry","pid":14688,"level":20,"msg":"Processed: layout/page.swig","time":"2015-12-04T02:34:37.939Z","v":0}
{"name":"hexo","hostname":"Jerry","pid":14688,"level":20,"msg":"Processed: layout/index.swig","time":"2015-12-04T02:34:37.941Z","v":0}
{"name":"hexo","hostname":"Jerry","pid":14688,"level":20,"msg":"Processed: layout/category.swig","time":"2015-12-04T02:34:37.943Z","v":0}
{"name":"hexo","hostname":"Jerry","pid":14688,"level":20,"msg":"Processed: layout/archive.swig","time":"2015-12-04T02:34:37.945Z","v":0}
{"name":"hexo","hostname":"Jerry","pid":14688,"level":20,"msg":"Processed: layout/_scripts/tinysou.swig","time":"2015-12-04T02:34:37.948Z","v":0}
{"name":"hexo","hostname":"Jerry","pid":14688,"level":20,"msg":"Processed: layout/_scripts/pages/post-details.swig","time":"2015-12-04T02:34:37.953Z","v":0}
{"name":"hexo","hostname":"Jerry","pid":14688,"level":20,"msg":"Processed: layout/_scripts/motion.swig","time":"2015-12-04T02:34:37.956Z","v":0}
{"name":"hexo","hostname":"Jerry","pid":14688,"level":20,"msg":"Processed: layout/_scripts/mathjax.swig","time":"2015-12-04T02:34:37.957Z","v":0}
{"name":"hexo","hostname":"Jerry","pid":14688,"level":20,"msg":"Processed: layout/_scripts/helpers.swig","time":"2015-12-04T02:34:37.960Z","v":0}
{"name":"hexo","hostname":"Jerry","pid":14688,"level":20,"msg":"Processed: layout/_scripts/fancy-box.swig","time":"2015-12-04T02:34:37.961Z","v":0}
{"name":"hexo","hostname":"Jerry","pid":14688,"level":20,"msg":"Processed: layout/_scripts/comments/duoshuo.swig","time":"2015-12-04T02:34:37.962Z","v":0}
{"name":"hexo","hostname":"Jerry","pid":14688,"level":20,"msg":"Processed: layout/_scripts/comments/disqus.swig","time":"2015-12-04T02:34:37.963Z","v":0}
{"name":"hexo","hostname":"Jerry","pid":14688,"level":20,"msg":"Processed: layout/_scripts/bootstrap.scrollspy.swig","time":"2015-12-04T02:34:37.963Z","v":0}
{"name":"hexo","hostname":"Jerry","pid":14688,"level":20,"msg":"Processed: layout/_scripts/baidushare.swig","time":"2015-12-04T02:34:37.964Z","v":0}
{"name":"hexo","hostname":"Jerry","pid":14688,"level":20,"msg":"Processed: layout/_scripts/analytics.swig","time":"2015-12-04T02:34:37.965Z","v":0}
{"name":"hexo","hostname":"Jerry","pid":14688,"level":20,"msg":"Processed: layout/_scripts/analytics/google-analytics.swig","time":"2015-12-04T02:34:37.966Z","v":0}
{"name":"hexo","hostname":"Jerry","pid":14688,"level":20,"msg":"Processed: layout/_scripts/analytics/facebook-sdk.swig","time":"2015-12-04T02:34:37.966Z","v":0}
{"name":"hexo","hostname":"Jerry","pid":14688,"level":20,"msg":"Processed: layout/_scripts/analytics/baidu-analytics.swig","time":"2015-12-04T02:34:37.967Z","v":0}
{"name":"hexo","hostname":"Jerry","pid":14688,"level":20,"msg":"Processed: layout/_partials/share/jiathis.swig","time":"2015-12-04T02:34:37.967Z","v":0}
{"name":"hexo","hostname":"Jerry","pid":14688,"level":20,"msg":"Processed: layout/_partials/share/duoshuo_share.swig","time":"2015-12-04T02:34:37.968Z","v":0}
{"name":"hexo","hostname":"Jerry","pid":14688,"level":20,"msg":"Processed: layout/_partials/search.swig","time":"2015-12-04T02:34:37.969Z","v":0}
{"name":"hexo","hostname":"Jerry","pid":14688,"level":20,"msg":"Processed: layout/_partials/search/tinysou.swig","time":"2015-12-04T02:34:37.970Z","v":0}
{"name":"hexo","hostname":"Jerry","pid":14688,"level":20,"msg":"Processed: layout/_partials/search/swiftype.swig","time":"2015-12-04T02:34:37.971Z","v":0}
{"name":"hexo","hostname":"Jerry","pid":14688,"level":20,"msg":"Processed: layout/_partials/pagination.swig","time":"2015-12-04T02:34:37.972Z","v":0}
{"name":"hexo","hostname":"Jerry","pid":14688,"level":20,"msg":"Processed: layout/_partials/old-browsers.swig","time":"2015-12-04T02:34:37.973Z","v":0}
{"name":"hexo","hostname":"Jerry","pid":14688,"level":20,"msg":"Processed: layout/_partials/header.swig","time":"2015-12-04T02:34:37.974Z","v":0}
{"name":"hexo","hostname":"Jerry","pid":14688,"level":20,"msg":"Processed: layout/_partials/head.swig","time":"2015-12-04T02:34:37.976Z","v":0}
{"name":"hexo","hostname":"Jerry","pid":14688,"level":20,"msg":"Processed: layout/_partials/footer.swig","time":"2015-12-04T02:34:37.977Z","v":0}
{"name":"hexo","hostname":"Jerry","pid":14688,"level":20,"msg":"Processed: layout/_partials/duoshuo-hot-articles.swig","time":"2015-12-04T02:34:37.978Z","v":0}
{"name":"hexo","hostname":"Jerry","pid":14688,"level":20,"msg":"Processed: layout/_partials/comments.swig","time":"2015-12-04T02:34:37.980Z","v":0}
{"name":"hexo","hostname":"Jerry","pid":14688,"level":20,"msg":"Processed: layout/_macro/sidebar.swig","time":"2015-12-04T02:34:37.982Z","v":0}
{"name":"hexo","hostname":"Jerry","pid":14688,"level":20,"msg":"Processed: layout/_macro/post.swig","time":"2015-12-04T02:34:37.982Z","v":0}
{"name":"hexo","hostname":"Jerry","pid":14688,"level":20,"msg":"Processed: layout/_macro/post-collapse.swig","time":"2015-12-04T02:34:37.984Z","v":0}
{"name":"hexo","hostname":"Jerry","pid":14688,"level":20,"msg":"Processed: layout/_layout.swig","time":"2015-12-04T02:34:37.985Z","v":0}
{"name":"hexo","hostname":"Jerry","pid":14688,"level":20,"msg":"Processed: languages/zh-tw.yml","time":"2015-12-04T02:34:37.993Z","v":0}
{"name":"hexo","hostname":"Jerry","pid":14688,"level":20,"msg":"Processed: languages/zh-hk.yml","time":"2015-12-04T02:34:37.995Z","v":0}
{"name":"hexo","hostname":"Jerry","pid":14688,"level":20,"msg":"Processed: languages/zh-Hans.yml","time":"2015-12-04T02:34:38.001Z","v":0}
{"name":"hexo","hostname":"Jerry","pid":14688,"level":20,"msg":"Processed: languages/ru.yml","time":"2015-12-04T02:34:38.008Z","v":0}
{"name":"hexo","hostname":"Jerry","pid":14688,"level":20,"msg":"Processed: languages/pt.yml","time":"2015-12-04T02:34:38.012Z","v":0}
{"name":"hexo","hostname":"Jerry","pid":14688,"level":20,"msg":"Processed: languages/fr-FR.yml","time":"2015-12-04T02:34:38.013Z","v":0}
{"name":"hexo","hostname":"Jerry","pid":14688,"level":20,"msg":"Processed: languages/en.yml","time":"2015-12-04T02:34:38.015Z","v":0}
{"name":"hexo","hostname":"Jerry","pid":14688,"level":20,"msg":"Processed: languages/default.yml","time":"2015-12-04T02:34:38.016Z","v":0}
{"name":"hexo","hostname":"Jerry","pid":14688,"level":20,"msg":"Processed: languages/de.yml","time":"2015-12-04T02:34:38.017Z","v":0}
{"name":"hexo","hostname":"Jerry","pid":14688,"level":20,"msg":"Theme config loaded.","time":"2015-12-04T02:34:38.024Z","v":0}
{"name":"hexo","hostname":"Jerry","pid":14688,"level":20,"msg":"Processed: _config.yml","time":"2015-12-04T02:34:38.032Z","v":0}
{"name":"hexo","hostname":"Jerry","pid":14688,"level":20,"msg":"Generator: page","time":"2015-12-04T02:34:38.891Z","v":0}
{"name":"hexo","hostname":"Jerry","pid":14688,"level":20,"msg":"Generator: post","time":"2015-12-04T02:34:38.892Z","v":0}
{"name":"hexo","hostname":"Jerry","pid":14688,"level":20,"msg":"Generator: archive","time":"2015-12-04T02:34:38.892Z","v":0}
{"name":"hexo","hostname":"Jerry","pid":14688,"level":20,"msg":"Generator: index","time":"2015-12-04T02:34:38.892Z","v":0}
{"name":"hexo","hostname":"Jerry","pid":14688,"level":20,"msg":"Generator: category","time":"2015-12-04T02:34:38.892Z","v":0}
{"name":"hexo","hostname":"Jerry","pid":14688,"level":20,"msg":"Generator: tag","time":"2015-12-04T02:34:38.893Z","v":0}
{"name":"hexo","hostname":"Jerry","pid":14688,"level":20,"msg":"Generator: asset","time":"2015-12-04T02:34:38.904Z","v":0}
{"name":"hexo","hostname":"Jerry","pid":14688,"level":30,"msg":"Hexo is running at http://0.0.0.0:4000/. Press Ctrl+C to stop.","time":"2015-12-04T02:34:38.919Z","v":0}
{"name":"hexo","hostname":"Jerry","pid":14688,"level":20,"msg":"Database saved","time":"2015-12-04T02:34:38.956Z","v":0}
{"name":"hexo","hostname":"Jerry","pid":14688,"level":20,"msg":"Rendering index: index.html","time":"2015-12-04T02:34:49.907Z","v":0}
{"name":"hexo","hostname":"Jerry","pid":14688,"level":20,"msg":"Rendering index: index.html","time":"2015-12-04T02:34:50.624Z","v":0}
